::1 - - [13/May/2021:18:34:12 +0000] "GET / HTTP/1.1" 404 139 "-" "Mozilla/5.0 (X11; Linux x86_64) AppleWebKit/537.36 (KHTML, like Gecko) Chrome/90.0.4430.93 Safari/537.36"
::1 - - [13/May/2021:18:34:16 +0000] "GET / HTTP/1.1" 404 139 "-" "Mozilla/5.0 (X11; Linux x86_64) AppleWebKit/537.36 (KHTML, like Gecko) Chrome/90.0.4430.93 Safari/537.36"
::1 - - [13/May/2021:18:34:17 +0000] "GET / HTTP/1.1" 404 139 "-" "Mozilla/5.0 (X11; Linux x86_64) AppleWebKit/537.36 (KHTML, like Gecko) Chrome/90.0.4430.93 Safari/537.36"
::1 - - [13/May/2021:18:35:33 +0000] "GET / HTTP/1.1" 404 139 "-" "Mozilla/5.0 (X11; Linux x86_64) AppleWebKit/537.36 (KHTML, like Gecko) Chrome/90.0.4430.93 Safari/537.36"
::1 - - [13/May/2021:18:53:23 +0000] "GET / HTTP/1.1" 200 0 "-" "Mozilla/5.0 (X11; Linux x86_64) AppleWebKit/537.36 (KHTML, like Gecko) Chrome/90.0.4430.93 Safari/537.36"
::1 - - [13/May/2021:18:53:23 +0000] "GET /favicon.ico HTTP/1.1" 200 0 "http://localhost:4000/" "Mozilla/5.0 (X11; Linux x86_64) AppleWebKit/537.36 (KHTML, like Gecko) Chrome/90.0.4430.93 Safari/537.36"
::1 - - [13/May/2021:18:53:50 +0000] "GET / HTTP/1.1" 304 - "-" "Mozilla/5.0 (X11; Linux x86_64) AppleWebKit/537.36 (KHTML, like Gecko) Chrome/90.0.4430.93 Safari/537.36"
::1 - - [13/May/2021:18:53:50 +0000] "GET /favicon.ico HTTP/1.1" 200 0 "http://localhost:4000/" "Mozilla/5.0 (X11; Linux x86_64) AppleWebKit/537.36 (KHTML, like Gecko) Chrome/90.0.4430.93 Safari/537.36"
::1 - - [13/May/2021:18:53:53 +0000] "GET / HTTP/1.1" 304 - "-" "Mozilla/5.0 (X11; Linux x86_64) AppleWebKit/537.36 (KHTML, like Gecko) Chrome/90.0.4430.93 Safari/537.36"
::1 - - [13/May/2021:18:53:53 +0000] "GET /favicon.ico HTTP/1.1" 200 0 "http://localhost:4000/" "Mozilla/5.0 (X11; Linux x86_64) AppleWebKit/537.36 (KHTML, like Gecko) Chrome/90.0.4430.93 Safari/537.36"
::1 - - [13/May/2021:18:53:54 +0000] "GET / HTTP/1.1" 304 - "-" "Mozilla/5.0 (X11; Linux x86_64) AppleWebKit/537.36 (KHTML, like Gecko) Chrome/90.0.4430.93 Safari/537.36"
::1 - - [13/May/2021:18:53:55 +0000] "GET /favicon.ico HTTP/1.1" 200 0 "http://localhost:4000/" "Mozilla/5.0 (X11; Linux x86_64) AppleWebKit/537.36 (KHTML, like Gecko) Chrome/90.0.4430.93 Safari/537.36"
::1 - - [13/May/2021:18:55:36 +0000] "GET / HTTP/1.1" 304 - "-" "Mozilla/5.0 (X11; Linux x86_64) AppleWebKit/537.36 (KHTML, like Gecko) Chrome/90.0.4430.93 Safari/537.36"
::1 - - [13/May/2021:18:55:36 +0000] "GET /favicon.ico HTTP/1.1" 200 0 "http://localhost:4000/" "Mozilla/5.0 (X11; Linux x86_64) AppleWebKit/537.36 (KHTML, like Gecko) Chrome/90.0.4430.93 Safari/537.36"
::1 - - [13/May/2021:18:55:38 +0000] "GET / HTTP/1.1" 304 - "-" "Mozilla/5.0 (X11; Linux x86_64) AppleWebKit/537.36 (KHTML, like Gecko) Chrome/90.0.4430.93 Safari/537.36"
::1 - - [13/May/2021:18:55:38 +0000] "GET /favicon.ico HTTP/1.1" 200 0 "http://localhost:4000/" "Mozilla/5.0 (X11; Linux x86_64) AppleWebKit/537.36 (KHTML, like Gecko) Chrome/90.0.4430.93 Safari/537.36"
::1 - - [13/May/2021:18:55:39 +0000] "GET / HTTP/1.1" 304 - "-" "Mozilla/5.0 (X11; Linux x86_64) AppleWebKit/537.36 (KHTML, like Gecko) Chrome/90.0.4430.93 Safari/537.36"
::1 - - [13/May/2021:18:55:39 +0000] "GET /favicon.ico HTTP/1.1" 200 0 "http://localhost:4000/" "Mozilla/5.0 (X11; Linux x86_64) AppleWebKit/537.36 (KHTML, like Gecko) Chrome/90.0.4430.93 Safari/537.36"
::1 - - [13/May/2021:18:55:40 +0000] "GET / HTTP/1.1" 304 - "-" "Mozilla/5.0 (X11; Linux x86_64) AppleWebKit/537.36 (KHTML, like Gecko) Chrome/90.0.4430.93 Safari/537.36"
::1 - - [13/May/2021:18:55:40 +0000] "GET /favicon.ico HTTP/1.1" 200 0 "http://localhost:4000/" "Mozilla/5.0 (X11; Linux x86_64) AppleWebKit/537.36 (KHTML, like Gecko) Chrome/90.0.4430.93 Safari/537.36"
::1 - - [13/May/2021:18:55:40 +0000] "GET / HTTP/1.1" 304 - "-" "Mozilla/5.0 (X11; Linux x86_64) AppleWebKit/537.36 (KHTML, like Gecko) Chrome/90.0.4430.93 Safari/537.36"
::1 - - [13/May/2021:18:55:40 +0000] "GET /favicon.ico HTTP/1.1" 200 0 "http://localhost:4000/" "Mozilla/5.0 (X11; Linux x86_64) AppleWebKit/537.36 (KHTML, like Gecko) Chrome/90.0.4430.93 Safari/537.36"
::1 - - [13/May/2021:18:55:40 +0000] "GET / HTTP/1.1" 304 - "-" "Mozilla/5.0 (X11; Linux x86_64) AppleWebKit/537.36 (KHTML, like Gecko) Chrome/90.0.4430.93 Safari/537.36"
::1 - - [13/May/2021:18:55:40 +0000] "GET /favicon.ico HTTP/1.1" 200 0 "http://localhost:4000/" "Mozilla/5.0 (X11; Linux x86_64) AppleWebKit/537.36 (KHTML, like Gecko) Chrome/90.0.4430.93 Safari/537.36"
::1 - - [13/May/2021:18:55:41 +0000] "GET / HTTP/1.1" 304 - "-" "Mozilla/5.0 (X11; Linux x86_64) AppleWebKit/537.36 (KHTML, like Gecko) Chrome/90.0.4430.93 Safari/537.36"
::1 - - [13/May/2021:18:55:41 +0000] "GET /favicon.ico HTTP/1.1" 200 0 "http://localhost:4000/" "Mozilla/5.0 (X11; Linux x86_64) AppleWebKit/537.36 (KHTML, like Gecko) Chrome/90.0.4430.93 Safari/537.36"
::1 - - [13/May/2021:18:56:21 +0000] "GET /views/index.html: HTTP/1.1" 200 0 "-" "Mozilla/5.0 (X11; Linux x86_64) AppleWebKit/537.36 (KHTML, like Gecko) Chrome/90.0.4430.93 Safari/537.36"
::1 - - [13/May/2021:18:56:21 +0000] "GET /favicon.ico HTTP/1.1" 304 - "http://localhost:4000/views/index.html:" "Mozilla/5.0 (X11; Linux x86_64) AppleWebKit/537.36 (KHTML, like Gecko) Chrome/90.0.4430.93 Safari/537.36"
::1 - - [13/May/2021:18:56:23 +0000] "GET /views/index.html: HTTP/1.1" 304 - "-" "Mozilla/5.0 (X11; Linux x86_64) AppleWebKit/537.36 (KHTML, like Gecko) Chrome/90.0.4430.93 Safari/537.36"
::1 - - [13/May/2021:18:56:23 +0000] "GET /favicon.ico HTTP/1.1" 200 0 "http://localhost:4000/views/index.html:" "Mozilla/5.0 (X11; Linux x86_64) AppleWebKit/537.36 (KHTML, like Gecko) Chrome/90.0.4430.93 Safari/537.36"
::1 - - [13/May/2021:18:56:54 +0000] "GET /views/index.html: HTTP/1.1" 200 172 "-" "Mozilla/5.0 (X11; Linux x86_64) AppleWebKit/537.36 (KHTML, like Gecko) Chrome/90.0.4430.93 Safari/537.36"
::1 - - [13/May/2021:18:56:54 +0000] "GET /favicon.ico HTTP/1.1" 200 172 "http://localhost:4000/views/index.html:" "Mozilla/5.0 (X11; Linux x86_64) AppleWebKit/537.36 (KHTML, like Gecko) Chrome/90.0.4430.93 Safari/537.36"
